<?xml version="1.0" encoding="utf-8"?><testsuites name="pytest tests"><testsuite name="pytest" errors="0" failures="0" skipped="0" tests="39" time="23.340" timestamp="2025-08-07T14:23:10.045155+00:00" hostname="DESKTOP-N5VIQ32"><testcase classname="polls.tests.test_serializers.TestPollSerializer" name="test_serialization" time="2.277" /><testcase classname="polls.tests.test_models.TestPollModel" name="test_poll_status_closed" time="2.292" /><testcase classname="polls.tests.test_models.TestVoteModel" name="test_unique_vote_per_user_per_poll" time="2.335" /><testcase classname="polls.tests.test_models.TestPollOptionModel" name="test_poll_option_creation" time="2.357" /><testcase classname="polls.tests.test_serializers.TestPollOptionSerializer" name="test_deserialization_valid" time="2.922" /><testcase classname="polls.tests.test_serializers.TestVoteSerializer" name="test_deserialization_valid" time="2.963" /><testcase classname="polls.tests.test_models.TestVoteModel" name="test_vote_creation" time="2.993" /><testcase classname="polls.tests.test_serializers.TestVoteSerializer" name="test_deserialization_invalid" time="0.022" /><testcase classname="tests.integration_tests" name="test_refresh_token" time="5.670" /><testcase classname="polls.tests.test_models.TestPollModel" name="test_poll_creation" time="3.108" /><testcase classname="polls.tests.test_serializers.TestPollOptionSerializer" name="test_serialization" time="1.691" /><testcase classname="tests.integration_tests" name="test_user_registration" time="5.676" /><testcase classname="polls.tests.test_models.TestPollModel" name="test_poll_str_representation" time="1.732" /><testcase classname="polls.tests.test_views.PollViewTests" name="test_list_view" time="2.129" /><testcase classname="polls.tests.test_models.TestPollOptionModel" name="test_poll_option_str_representation" time="1.799" /><testcase classname="tests.integration_tests" name="test_protected_endpoints" time="4.306" /><testcase classname="polls.tests.test_serializers.TestPollSerializer" name="test_deserialization_valid_create_with_options" time="2.181" /><testcase classname="polls.tests.test_serializers.TestPollSerializer" name="test_deserialization_invalid_missing_title" time="0.020" /><testcase classname="polls.tests.test_serializers.TestVoteSerializer" name="test_serialization" time="1.746" /><testcase classname="tests.integration_tests" name="test_invalid_registration" time="0.037" /><testcase classname="polls.tests.test_models.TestPollModel" name="test_poll_status_open" time="2.560" /><testcase classname="users.tests.test_models.TestUserModel" name="test_user_str_representation" time="2.374" /><testcase classname="users.tests.test_models.TestUserModel" name="test_unique_username" time="3.610" /><testcase classname="users.tests.test_views.TestUserViewSet" name="test_retrieve_user_authenticated" time="2.050" /><testcase classname="polls.tests.test_models.TestVoteModel" name="test_vote_str_representation" time="4.724" /><testcase classname="users.tests.test_models.TestUserModel" name="test_user_creation" time="5.287" /><testcase classname="users.tests.test_serializers.TestUserSerializer" name="test_user_serialization" time="2.261" /><testcase classname="users.tests.test_models.TestUserModel" name="test_superuser_creation" time="5.012" /><testcase classname="users.tests.test_models.TestUserModel" name="test_unique_email" time="3.419" /><testcase classname="users.tests.test_views.TestUserViewSet" name="test_list_users_authenticated" time="5.724" /><testcase classname="users.tests.test_views.TestUserViewSet" name="test_retrieve_other_user_authenticated" time="3.485" /><testcase classname="users.tests.test_views.TestUserViewSet" name="test_list_users_unauthenticated" time="0.047" /><testcase classname="users.tests.test_views.TestUserViewSet" name="test_retrieve_user_unauthenticated" time="3.363" /><testcase classname="users.tests.test_views.TestUserViewSet" name="test_update_user_self" time="2.066" /><testcase classname="users.tests.test_views.TestUserViewSet" name="test_delete_user_self" time="2.033" /><testcase classname="users.tests.test_views.TestUserViewSet" name="test_delete_user_other_user_authenticated" time="3.515" /><testcase classname="users.tests.test_views.TestUserViewSet" name="test_update_user_other_user_authenticated" time="3.811" /><testcase classname="users.tests.test_views.TestUserViewSet" name="test_update_user_admin" time="2.689" /><testcase classname="users.tests.test_views.TestUserViewSet" name="test_delete_user_admin" time="2.412" /></testsuite></testsuites>