<?xml version="1.0" encoding="utf-8"?><testsuites name="pytest tests"><testsuite name="pytest" errors="0" failures="0" skipped="0" tests="39" time="49.269" timestamp="2025-08-06T14:55:51.208269+00:00" hostname="DESKTOP-N5VIQ32"><testcase classname="polls.tests.test_models.TestPollModel" name="test_poll_creation" time="4.009" /><testcase classname="polls.tests.test_serializers.TestPollOptionSerializer" name="test_deserialization_valid" time="3.923" /><testcase classname="polls.tests.test_models.TestPollOptionModel" name="test_poll_option_creation" time="3.921" /><testcase classname="polls.tests.test_models.TestVoteModel" name="test_vote_creation" time="4.101" /><testcase classname="polls.tests.test_serializers.TestVoteSerializer" name="test_deserialization_valid" time="5.852" /><testcase classname="polls.tests.test_serializers.TestVoteSerializer" name="test_deserialization_invalid" time="0.014" /><testcase classname="tests.integration_tests" name="test_invalid_registration" time="0.219" /><testcase classname="tests.integration_tests" name="test_refresh_token" time="9.104" /><testcase classname="polls.tests.test_serializers.TestPollSerializer" name="test_serialization" time="7.490" /><testcase classname="polls.tests.test_models.TestVoteModel" name="test_unique_vote_per_user_per_poll" time="7.446" /><testcase classname="polls.tests.test_models.TestPollModel" name="test_poll_status_closed" time="7.577" /><testcase classname="polls.tests.test_serializers.TestVoteSerializer" name="test_serialization" time="3.651" /><testcase classname="polls.tests.test_serializers.TestPollSerializer" name="test_deserialization_invalid_missing_title" time="0.068" /><testcase classname="users.tests.test_models.TestUserModel" name="test_unique_username" time="7.570" /><testcase classname="polls.tests.test_models.TestPollModel" name="test_poll_status_open" time="3.881" /><testcase classname="tests.integration_tests" name="test_user_registration" time="13.419" /><testcase classname="polls.tests.test_models.TestPollOptionModel" name="test_poll_option_str_representation" time="5.703" /><testcase classname="polls.tests.test_views.PollViewTests" name="test_list_view" time="4.062" /><testcase classname="polls.tests.test_models.TestVoteModel" name="test_vote_str_representation" time="7.398" /><testcase classname="tests.integration_tests" name="test_protected_endpoints" time="10.002" /><testcase classname="polls.tests.test_models.TestPollModel" name="test_poll_str_representation" time="6.075" /><testcase classname="users.tests.test_models.TestUserModel" name="test_unique_email" time="6.880" /><testcase classname="polls.tests.test_serializers.TestPollSerializer" name="test_deserialization_valid_create_with_options" time="6.293" /><testcase classname="users.tests.test_views.TestUserViewSet" name="test_list_users_unauthenticated" time="0.026" /><testcase classname="users.tests.test_models.TestUserModel" name="test_user_str_representation" time="6.202" /><testcase classname="polls.tests.test_serializers.TestPollOptionSerializer" name="test_serialization" time="6.842" /><testcase classname="users.tests.test_models.TestUserModel" name="test_superuser_creation" time="13.398" /><testcase classname="users.tests.test_models.TestUserModel" name="test_user_creation" time="9.129" /><testcase classname="users.tests.test_serializers.TestUserSerializer" name="test_user_serialization" time="4.440" /><testcase classname="users.tests.test_views.TestUserViewSet" name="test_retrieve_user_unauthenticated" time="6.606" /><testcase classname="users.tests.test_views.TestUserViewSet" name="test_update_user_self" time="5.944" /><testcase classname="users.tests.test_views.TestUserViewSet" name="test_retrieve_user_authenticated" time="4.927" /><testcase classname="users.tests.test_views.TestUserViewSet" name="test_delete_user_other_user_authenticated" time="9.988" /><testcase classname="users.tests.test_views.TestUserViewSet" name="test_retrieve_other_user_authenticated" time="9.196" /><testcase classname="users.tests.test_views.TestUserViewSet" name="test_list_users_authenticated" time="9.738" /><testcase classname="users.tests.test_views.TestUserViewSet" name="test_delete_user_self" time="7.307" /><testcase classname="users.tests.test_views.TestUserViewSet" name="test_update_user_other_user_authenticated" time="10.639" /><testcase classname="users.tests.test_views.TestUserViewSet" name="test_update_user_admin" time="7.822" /><testcase classname="users.tests.test_views.TestUserViewSet" name="test_delete_user_admin" time="6.333" /></testsuite></testsuites>