<?xml version="1.0" encoding="utf-8"?><testsuites name="pytest tests"><testsuite name="pytest" errors="0" failures="0" skipped="0" tests="39" time="28.385" timestamp="2025-08-06T11:04:11.549691+00:00" hostname="DESKTOP-N5VIQ32"><testcase classname="polls.tests.test_models.TestPollModel" name="test_poll_creation" time="2.656" /><testcase classname="polls.tests.test_models.TestPollModel" name="test_poll_status_closed" time="2.682" /><testcase classname="polls.tests.test_models.TestPollOptionModel" name="test_poll_option_creation" time="2.796" /><testcase classname="polls.tests.test_serializers.TestPollOptionSerializer" name="test_deserialization_valid" time="3.203" /><testcase classname="polls.tests.test_serializers.TestVoteSerializer" name="test_deserialization_valid" time="3.729" /><testcase classname="polls.tests.test_serializers.TestVoteSerializer" name="test_deserialization_invalid" time="0.022" /><testcase classname="tests.integration_tests" name="test_invalid_registration" time="0.185" /><testcase classname="tests.integration_tests" name="test_refresh_token" time="6.590" /><testcase classname="polls.tests.test_models.TestVoteModel" name="test_vote_creation" time="4.471" /><testcase classname="polls.tests.test_serializers.TestPollSerializer" name="test_serialization" time="4.832" /><testcase classname="polls.tests.test_models.TestVoteModel" name="test_unique_vote_per_user_per_poll" time="4.811" /><testcase classname="polls.tests.test_models.TestPollModel" name="test_poll_status_open" time="2.353" /><testcase classname="polls.tests.test_serializers.TestPollSerializer" name="test_deserialization_invalid_missing_title" time="0.012" /><testcase classname="users.tests.test_models.TestUserModel" name="test_unique_username" time="3.968" /><testcase classname="polls.tests.test_models.TestPollOptionModel" name="test_poll_option_str_representation" time="2.410" /><testcase classname="tests.integration_tests" name="test_user_registration" time="6.290" /><testcase classname="polls.tests.test_serializers.TestVoteSerializer" name="test_serialization" time="2.151" /><testcase classname="tests.integration_tests" name="test_protected_endpoints" time="5.399" /><testcase classname="polls.tests.test_models.TestPollModel" name="test_poll_str_representation" time="3.056" /><testcase classname="polls.tests.test_views.PollViewTests" name="test_list_view" time="2.853" /><testcase classname="polls.tests.test_serializers.TestPollOptionSerializer" name="test_serialization" time="3.157" /><testcase classname="polls.tests.test_serializers.TestPollSerializer" name="test_deserialization_valid_create_with_options" time="3.241" /><testcase classname="users.tests.test_models.TestUserModel" name="test_user_str_representation" time="3.198" /><testcase classname="users.tests.test_models.TestUserModel" name="test_unique_email" time="6.533" /><testcase classname="polls.tests.test_models.TestVoteModel" name="test_vote_str_representation" time="3.988" /><testcase classname="users.tests.test_models.TestUserModel" name="test_superuser_creation" time="5.283" /><testcase classname="users.tests.test_serializers.TestUserSerializer" name="test_user_serialization" time="2.132" /><testcase classname="users.tests.test_models.TestUserModel" name="test_user_creation" time="6.420" /><testcase classname="users.tests.test_views.TestUserViewSet" name="test_retrieve_user_authenticated" time="2.083" /><testcase classname="users.tests.test_views.TestUserViewSet" name="test_list_users_unauthenticated" time="0.462" /><testcase classname="users.tests.test_views.TestUserViewSet" name="test_update_user_admin" time="4.513" /><testcase classname="users.tests.test_views.TestUserViewSet" name="test_retrieve_other_user_authenticated" time="4.363" /><testcase classname="users.tests.test_views.TestUserViewSet" name="test_update_user_other_user_authenticated" time="4.884" /><testcase classname="users.tests.test_views.TestUserViewSet" name="test_update_user_self" time="2.682" /><testcase classname="users.tests.test_views.TestUserViewSet" name="test_delete_user_admin" time="6.083" /><testcase classname="users.tests.test_views.TestUserViewSet" name="test_retrieve_user_unauthenticated" time="3.451" /><testcase classname="users.tests.test_views.TestUserViewSet" name="test_list_users_authenticated" time="6.732" /><testcase classname="users.tests.test_views.TestUserViewSet" name="test_delete_user_self" time="2.182" /><testcase classname="users.tests.test_views.TestUserViewSet" name="test_delete_user_other_user_authenticated" time="4.255" /></testsuite></testsuites>