<?xml version="1.0" encoding="utf-8"?><testsuites name="pytest tests"><testsuite name="pytest" errors="0" failures="0" skipped="0" tests="39" time="34.893" timestamp="2025-08-07T09:05:30.116133+00:00" hostname="DESKTOP-N5VIQ32"><testcase classname="polls.tests.test_models.TestPollModel" name="test_poll_creation" time="3.109" /><testcase classname="polls.tests.test_models.TestPollModel" name="test_poll_status_closed" time="3.132" /><testcase classname="polls.tests.test_models.TestVoteModel" name="test_unique_vote_per_user_per_poll" time="3.193" /><testcase classname="polls.tests.test_serializers.TestPollOptionSerializer" name="test_deserialization_valid" time="3.301" /><testcase classname="polls.tests.test_models.TestVoteModel" name="test_vote_creation" time="5.195" /><testcase classname="polls.tests.test_serializers.TestPollSerializer" name="test_serialization" time="5.286" /><testcase classname="polls.tests.test_models.TestPollOptionModel" name="test_poll_option_creation" time="5.250" /><testcase classname="polls.tests.test_serializers.TestVoteSerializer" name="test_deserialization_valid" time="5.493" /><testcase classname="polls.tests.test_serializers.TestVoteSerializer" name="test_deserialization_invalid" time="0.059" /><testcase classname="users.tests.test_models.TestUserModel" name="test_superuser_creation" time="12.365" /><testcase classname="polls.tests.test_models.TestPollModel" name="test_poll_status_open" time="2.919" /><testcase classname="polls.tests.test_serializers.TestPollSerializer" name="test_deserialization_invalid_missing_title" time="0.021" /><testcase classname="polls.tests.test_models.TestPollModel" name="test_poll_str_representation" time="2.963" /><testcase classname="polls.tests.test_serializers.TestPollOptionSerializer" name="test_serialization" time="2.950" /><testcase classname="users.tests.test_models.TestUserModel" name="test_unique_email" time="8.721" /><testcase classname="polls.tests.test_views.PollViewTests" name="test_list_view" time="3.406" /><testcase classname="tests.integration_tests" name="test_user_registration" time="12.494" /><testcase classname="polls.tests.test_serializers.TestVoteSerializer" name="test_serialization" time="3.416" /><testcase classname="tests.integration_tests" name="test_protected_endpoints" time="7.302" /><testcase classname="polls.tests.test_serializers.TestPollSerializer" name="test_deserialization_valid_create_with_options" time="4.166" /><testcase classname="users.tests.test_models.TestUserModel" name="test_user_creation" time="7.235" /><testcase classname="users.tests.test_serializers.TestUserSerializer" name="test_user_serialization" time="3.311" /><testcase classname="polls.tests.test_models.TestPollOptionModel" name="test_poll_option_str_representation" time="5.287" /><testcase classname="tests.integration_tests" name="test_refresh_token" time="7.146" /><testcase classname="users.tests.test_views.TestUserViewSet" name="test_list_users_unauthenticated" time="0.477" /><testcase classname="polls.tests.test_models.TestVoteModel" name="test_vote_str_representation" time="9.523" /><testcase classname="tests.integration_tests" name="test_invalid_registration" time="0.119" /><testcase classname="users.tests.test_models.TestUserModel" name="test_unique_username" time="7.869" /><testcase classname="users.tests.test_models.TestUserModel" name="test_user_str_representation" time="4.696" /><testcase classname="users.tests.test_views.TestUserViewSet" name="test_delete_user_self" time="4.349" /><testcase classname="users.tests.test_views.TestUserViewSet" name="test_retrieve_user_authenticated" time="3.071" /><testcase classname="users.tests.test_views.TestUserViewSet" name="test_update_user_other_user_authenticated" time="5.393" /><testcase classname="users.tests.test_views.TestUserViewSet" name="test_retrieve_other_user_authenticated" time="7.595" /><testcase classname="users.tests.test_views.TestUserViewSet" name="test_retrieve_user_unauthenticated" time="3.696" /><testcase classname="users.tests.test_views.TestUserViewSet" name="test_update_user_self" time="3.015" /><testcase classname="users.tests.test_views.TestUserViewSet" name="test_list_users_authenticated" time="6.082" /><testcase classname="users.tests.test_views.TestUserViewSet" name="test_update_user_admin" time="6.031" /><testcase classname="users.tests.test_views.TestUserViewSet" name="test_delete_user_admin" time="6.562" /><testcase classname="users.tests.test_views.TestUserViewSet" name="test_delete_user_other_user_authenticated" time="4.370" /></testsuite></testsuites>