<?xml version="1.0" encoding="utf-8"?><testsuites name="pytest tests"><testsuite name="pytest" errors="0" failures="0" skipped="0" tests="39" time="27.093" timestamp="2025-08-08T14:26:48.798942+00:00" hostname="DESKTOP-N5VIQ32"><testcase classname="polls.tests.test_models.TestPollModel" name="test_poll_status_closed" time="2.608" /><testcase classname="polls.tests.test_serializers.TestPollOptionSerializer" name="test_deserialization_valid" time="2.713" /><testcase classname="polls.tests.test_models.TestVoteModel" name="test_vote_creation" time="2.784" /><testcase classname="polls.tests.test_serializers.TestVoteSerializer" name="test_deserialization_valid" time="2.823" /><testcase classname="polls.tests.test_serializers.TestVoteSerializer" name="test_deserialization_invalid" time="0.013" /><testcase classname="tests.integration_tests" name="test_protected_endpoints" time="5.024" /><testcase classname="polls.tests.test_models.TestPollOptionModel" name="test_poll_option_creation" time="3.681" /><testcase classname="polls.tests.test_models.TestVoteModel" name="test_unique_vote_per_user_per_poll" time="3.937" /><testcase classname="polls.tests.test_serializers.TestPollSerializer" name="test_serialization" time="4.051" /><testcase classname="polls.tests.test_models.TestPollModel" name="test_poll_creation" time="4.031" /><testcase classname="polls.tests.test_serializers.TestVoteSerializer" name="test_serialization" time="2.099" /><testcase classname="polls.tests.test_models.TestPollModel" name="test_poll_str_representation" time="2.235" /><testcase classname="polls.tests.test_views.PollViewTests" name="test_list_view" time="3.697" /><testcase classname="polls.tests.test_serializers.TestPollSerializer" name="test_deserialization_invalid_missing_title" time="0.013" /><testcase classname="users.tests.test_models.TestUserModel" name="test_unique_username" time="4.247" /><testcase classname="polls.tests.test_serializers.TestPollSerializer" name="test_deserialization_valid_create_with_options" time="2.472" /><testcase classname="users.tests.test_models.TestUserModel" name="test_user_str_representation" time="2.239" /><testcase classname="polls.tests.test_models.TestPollOptionModel" name="test_poll_option_str_representation" time="3.220" /><testcase classname="tests.integration_tests" name="test_refresh_token" time="4.732" /><testcase classname="polls.tests.test_models.TestVoteModel" name="test_vote_str_representation" time="4.172" /><testcase classname="tests.integration_tests" name="test_user_registration" time="7.724" /><testcase classname="polls.tests.test_models.TestPollModel" name="test_poll_status_open" time="3.167" /><testcase classname="users.tests.test_models.TestUserModel" name="test_superuser_creation" time="5.134" /><testcase classname="polls.tests.test_serializers.TestPollOptionSerializer" name="test_serialization" time="3.669" /><testcase classname="users.tests.test_models.TestUserModel" name="test_user_creation" time="6.605" /><testcase classname="tests.integration_tests" name="test_invalid_registration" time="0.062" /><testcase classname="users.tests.test_models.TestUserModel" name="test_unique_email" time="5.831" /><testcase classname="users.tests.test_serializers.TestUserSerializer" name="test_user_serialization" time="2.114" /><testcase classname="users.tests.test_views.TestUserViewSet" name="test_update_user_self" time="3.785" /><testcase classname="users.tests.test_views.TestUserViewSet" name="test_list_users_unauthenticated" time="0.384" /><testcase classname="users.tests.test_views.TestUserViewSet" name="test_list_users_authenticated" time="5.624" /><testcase classname="users.tests.test_views.TestUserViewSet" name="test_delete_user_other_user_authenticated" time="4.509" /><testcase classname="users.tests.test_views.TestUserViewSet" name="test_delete_user_self" time="2.196" /><testcase classname="users.tests.test_views.TestUserViewSet" name="test_retrieve_user_authenticated" time="2.289" /><testcase classname="users.tests.test_views.TestUserViewSet" name="test_retrieve_user_unauthenticated" time="3.251" /><testcase classname="users.tests.test_views.TestUserViewSet" name="test_retrieve_other_user_authenticated" time="5.660" /><testcase classname="users.tests.test_views.TestUserViewSet" name="test_update_user_other_user_authenticated" time="5.407" /><testcase classname="users.tests.test_views.TestUserViewSet" name="test_update_user_admin" time="5.127" /><testcase classname="users.tests.test_views.TestUserViewSet" name="test_delete_user_admin" time="3.894" /></testsuite></testsuites>