<?xml version="1.0" encoding="utf-8"?><testsuites name="pytest tests"><testsuite name="pytest" errors="0" failures="0" skipped="0" tests="39" time="25.165" timestamp="2025-08-08T16:23:32.767620+00:00" hostname="DESKTOP-N5VIQ32"><testcase classname="polls.tests.test_serializers.TestPollOptionSerializer" name="test_deserialization_valid" time="2.528" /><testcase classname="polls.tests.test_models.TestVoteModel" name="test_vote_creation" time="2.552" /><testcase classname="polls.tests.test_models.TestPollModel" name="test_poll_creation" time="2.569" /><testcase classname="polls.tests.test_models.TestPollModel" name="test_poll_status_closed" time="2.692" /><testcase classname="polls.tests.test_models.TestPollOptionModel" name="test_poll_option_creation" time="3.304" /><testcase classname="polls.tests.test_serializers.TestVoteSerializer" name="test_deserialization_valid" time="3.333" /><testcase classname="polls.tests.test_models.TestVoteModel" name="test_unique_vote_per_user_per_poll" time="3.375" /><testcase classname="polls.tests.test_serializers.TestPollSerializer" name="test_serialization" time="3.415" /><testcase classname="polls.tests.test_serializers.TestVoteSerializer" name="test_deserialization_invalid" time="0.021" /><testcase classname="tests.integration_tests" name="test_refresh_token" time="6.808" /><testcase classname="polls.tests.test_serializers.TestVoteSerializer" name="test_serialization" time="2.506" /><testcase classname="polls.tests.test_serializers.TestPollSerializer" name="test_deserialization_invalid_missing_title" time="0.013" /><testcase classname="users.tests.test_models.TestUserModel" name="test_unique_email" time="4.099" /><testcase classname="polls.tests.test_models.TestPollModel" name="test_poll_str_representation" time="2.485" /><testcase classname="tests.integration_tests" name="test_protected_endpoints" time="7.176" /><testcase classname="polls.tests.test_models.TestPollModel" name="test_poll_status_open" time="2.756" /><testcase classname="tests.integration_tests" name="test_user_registration" time="7.216" /><testcase classname="polls.tests.test_serializers.TestPollSerializer" name="test_deserialization_valid_create_with_options" time="2.319" /><testcase classname="users.tests.test_models.TestUserModel" name="test_user_str_representation" time="2.909" /><testcase classname="polls.tests.test_models.TestPollOptionModel" name="test_poll_option_str_representation" time="2.612" /><testcase classname="tests.integration_tests" name="test_invalid_registration" time="0.094" /><testcase classname="polls.tests.test_serializers.TestPollOptionSerializer" name="test_serialization" time="3.011" /><testcase classname="users.tests.test_models.TestUserModel" name="test_user_creation" time="5.905" /><testcase classname="polls.tests.test_models.TestVoteModel" name="test_vote_str_representation" time="4.683" /><testcase classname="polls.tests.test_views.PollViewTests" name="test_list_view" time="3.323" /><testcase classname="users.tests.test_views.TestUserViewSet" name="test_retrieve_user_authenticated" time="2.317" /><testcase classname="users.tests.test_views.TestUserViewSet" name="test_list_users_unauthenticated" time="0.234" /><testcase classname="users.tests.test_models.TestUserModel" name="test_unique_username" time="4.005" /><testcase classname="users.tests.test_models.TestUserModel" name="test_superuser_creation" time="5.808" /><testcase classname="users.tests.test_views.TestUserViewSet" name="test_retrieve_other_user_authenticated" time="3.914" /><testcase classname="users.tests.test_serializers.TestUserSerializer" name="test_user_serialization" time="3.039" /><testcase classname="users.tests.test_views.TestUserViewSet" name="test_update_user_admin" time="4.396" /><testcase classname="users.tests.test_views.TestUserViewSet" name="test_update_user_self" time="3.206" /><testcase classname="users.tests.test_views.TestUserViewSet" name="test_retrieve_user_unauthenticated" time="3.776" /><testcase classname="users.tests.test_views.TestUserViewSet" name="test_delete_user_self" time="3.044" /><testcase classname="users.tests.test_views.TestUserViewSet" name="test_update_user_other_user_authenticated" time="4.658" /><testcase classname="users.tests.test_views.TestUserViewSet" name="test_list_users_authenticated" time="4.789" /><testcase classname="users.tests.test_views.TestUserViewSet" name="test_delete_user_other_user_authenticated" time="4.542" /><testcase classname="users.tests.test_views.TestUserViewSet" name="test_delete_user_admin" time="2.740" /></testsuite></testsuites>