<?xml version="1.0" encoding="utf-8"?><testsuites name="pytest tests"><testsuite name="pytest" errors="0" failures="0" skipped="0" tests="39" time="22.570" timestamp="2025-08-07T14:59:49.549004+00:00" hostname="DESKTOP-N5VIQ32"><testcase classname="polls.tests.test_serializers.TestVoteSerializer" name="test_deserialization_valid" time="2.318" /><testcase classname="polls.tests.test_models.TestPollModel" name="test_poll_creation" time="2.322" /><testcase classname="polls.tests.test_serializers.TestPollOptionSerializer" name="test_deserialization_valid" time="2.336" /><testcase classname="polls.tests.test_models.TestVoteModel" name="test_vote_creation" time="2.355" /><testcase classname="polls.tests.test_serializers.TestVoteSerializer" name="test_deserialization_invalid" time="0.010" /><testcase classname="polls.tests.test_views.PollViewTests" name="test_list_view" time="2.143" /><testcase classname="polls.tests.test_models.TestVoteModel" name="test_unique_vote_per_user_per_poll" time="2.633" /><testcase classname="polls.tests.test_models.TestPollModel" name="test_poll_status_closed" time="2.680" /><testcase classname="polls.tests.test_models.TestPollOptionModel" name="test_poll_option_creation" time="2.697" /><testcase classname="polls.tests.test_serializers.TestPollSerializer" name="test_serialization" time="2.786" /><testcase classname="polls.tests.test_models.TestPollModel" name="test_poll_status_open" time="1.733" /><testcase classname="polls.tests.test_serializers.TestPollSerializer" name="test_deserialization_invalid_missing_title" time="0.010" /><testcase classname="users.tests.test_models.TestUserModel" name="test_unique_email" time="3.906" /><testcase classname="polls.tests.test_models.TestPollModel" name="test_poll_str_representation" time="1.741" /><testcase classname="polls.tests.test_serializers.TestPollOptionSerializer" name="test_serialization" time="1.813" /><testcase classname="users.tests.test_models.TestUserModel" name="test_user_creation" time="3.712" /><testcase classname="tests.integration_tests" name="test_refresh_token" time="5.075" /><testcase classname="tests.integration_tests" name="test_invalid_registration" time="0.077" /><testcase classname="users.tests.test_views.TestUserViewSet" name="test_list_users_unauthenticated" time="0.020" /><testcase classname="polls.tests.test_serializers.TestVoteSerializer" name="test_serialization" time="2.427" /><testcase classname="tests.integration_tests" name="test_user_registration" time="6.904" /><testcase classname="polls.tests.test_models.TestPollOptionModel" name="test_poll_option_str_representation" time="2.296" /><testcase classname="users.tests.test_models.TestUserModel" name="test_superuser_creation" time="4.604" /><testcase classname="polls.tests.test_serializers.TestPollSerializer" name="test_deserialization_valid_create_with_options" time="2.367" /><testcase classname="users.tests.test_models.TestUserModel" name="test_user_str_representation" time="2.309" /><testcase classname="users.tests.test_views.TestUserViewSet" name="test_retrieve_user_authenticated" time="1.883" /><testcase classname="polls.tests.test_models.TestVoteModel" name="test_vote_str_representation" time="4.569" /><testcase classname="tests.integration_tests" name="test_protected_endpoints" time="4.167" /><testcase classname="users.tests.test_models.TestUserModel" name="test_unique_username" time="3.705" /><testcase classname="users.tests.test_serializers.TestUserSerializer" name="test_user_serialization" time="1.806" /><testcase classname="users.tests.test_views.TestUserViewSet" name="test_retrieve_other_user_authenticated" time="4.396" /><testcase classname="users.tests.test_views.TestUserViewSet" name="test_update_user_self" time="2.404" /><testcase classname="users.tests.test_views.TestUserViewSet" name="test_update_user_other_user_authenticated" time="4.478" /><testcase classname="users.tests.test_views.TestUserViewSet" name="test_delete_user_self" time="2.128" /><testcase classname="users.tests.test_views.TestUserViewSet" name="test_list_users_authenticated" time="3.824" /><testcase classname="users.tests.test_views.TestUserViewSet" name="test_retrieve_user_unauthenticated" time="2.022" /><testcase classname="users.tests.test_views.TestUserViewSet" name="test_update_user_admin" time="3.596" /><testcase classname="users.tests.test_views.TestUserViewSet" name="test_delete_user_admin" time="3.154" /><testcase classname="users.tests.test_views.TestUserViewSet" name="test_delete_user_other_user_authenticated" time="2.887" /></testsuite></testsuites>